0 info it worked if it ends with ok
1 verbose cli [ '/usr/local/Cellar/node/6.2.2/bin/node',
1 verbose cli   '/Users/georgeutsin/.npm-packages/bin/npm',
1 verbose cli   'start' ]
2 info using npm@3.9.6
3 info using node@v6.2.2
4 verbose run-script [ 'prestart', 'start', 'poststart' ]
5 info lifecycle Whistlet-Node-Service@0.0.1~prestart: Whistlet-Node-Service@0.0.1
6 silly lifecycle Whistlet-Node-Service@0.0.1~prestart: no script for prestart, continuing
7 info lifecycle Whistlet-Node-Service@0.0.1~start: Whistlet-Node-Service@0.0.1
8 verbose lifecycle Whistlet-Node-Service@0.0.1~start: unsafe-perm in lifecycle true
9 verbose lifecycle Whistlet-Node-Service@0.0.1~start: PATH: /Users/georgeutsin/.npm-packages/lib/node_modules/npm/bin/node-gyp-bin:/Users/georgeutsin/Documents/GitHub/Whistlet/node-service/node_modules/.bin:/usr/local/Cellar/node/6.2.2/bin:/Users/georgeutsin/.npm-packages/bin:/Library/Frameworks/Python.framework/Versions/2.7/bin:/usr/local/bin:/usr/bin:/bin:/usr/sbin:/sbin:/Library/TeX/texbin
10 verbose lifecycle Whistlet-Node-Service@0.0.1~start: CWD: /Users/georgeutsin/Documents/GitHub/Whistlet/node-service
11 silly lifecycle Whistlet-Node-Service@0.0.1~start: Args: [ '-c', 'source env.sh && node server.js' ]
12 silly lifecycle Whistlet-Node-Service@0.0.1~start: Returned: code: 1  signal: null
13 info lifecycle Whistlet-Node-Service@0.0.1~start: Failed to exec start script
14 verbose stack Error: Whistlet-Node-Service@0.0.1 start: `source env.sh && node server.js`
14 verbose stack Exit status 1
14 verbose stack     at EventEmitter.<anonymous> (/Users/georgeutsin/.npm-packages/lib/node_modules/npm/lib/utils/lifecycle.js:245:16)
14 verbose stack     at emitTwo (events.js:106:13)
14 verbose stack     at EventEmitter.emit (events.js:191:7)
14 verbose stack     at ChildProcess.<anonymous> (/Users/georgeutsin/.npm-packages/lib/node_modules/npm/lib/utils/spawn.js:24:14)
14 verbose stack     at emitTwo (events.js:106:13)
14 verbose stack     at ChildProcess.emit (events.js:191:7)
14 verbose stack     at maybeClose (internal/child_process.js:852:16)
14 verbose stack     at Process.ChildProcess._handle.onexit (internal/child_process.js:215:5)
15 verbose pkgid Whistlet-Node-Service@0.0.1
16 verbose cwd /Users/georgeutsin/Documents/GitHub/Whistlet/node-service
17 error Darwin 15.6.0
18 error argv "/usr/local/Cellar/node/6.2.2/bin/node" "/Users/georgeutsin/.npm-packages/bin/npm" "start"
19 error node v6.2.2
20 error npm  v3.9.6
21 error code ELIFECYCLE
22 error Whistlet-Node-Service@0.0.1 start: `source env.sh && node server.js`
22 error Exit status 1
23 error Failed at the Whistlet-Node-Service@0.0.1 start script 'source env.sh && node server.js'.
23 error Make sure you have the latest version of node.js and npm installed.
23 error If you do, this is most likely a problem with the Whistlet-Node-Service package,
23 error not with npm itself.
23 error Tell the author that this fails on your system:
23 error     source env.sh && node server.js
23 error You can get information on how to open an issue for this project with:
23 error     npm bugs Whistlet-Node-Service
23 error Or if that isn't available, you can get their info via:
23 error     npm owner ls Whistlet-Node-Service
23 error There is likely additional logging output above.
24 verbose exit [ 1, true ]
